<?xml version="1.0" encoding="UTF-8"?>
<!-- Generated by org.testng.reporters.JUnitXMLReporter -->
<testsuite ignored="0" hostname="cdc2-l-433dqcf" failures="0" tests="2" name="Default test" time="39.917" errors="0" timestamp="2024-11-24T02:05:38 IST">
  <testcase classname="io.cucumber.testng.AbstractTestNGCucumberTests" name="runScenario" time="21.837"/>
  <testcase classname="io.cucumber.testng.AbstractTestNGCucumberTests" name="runScenario" time="16.956"/>
</testsuite> <!-- Default test -->
