<?xml version="1.0" encoding="UTF-8"?>
<testng-results ignored="0" total="2" passed="2" failed="0" skipped="0">
  <reporter-output>
  </reporter-output>
  <suite started-at="2024-11-24T02:04:58 IST" name="Default suite" finished-at="2024-11-24T02:05:38 IST" duration-ms="39917">
    <groups>
      <group name="cucumber">
        <method signature="AbstractTestNGCucumberTests.runScenario(io.cucumber.testng.PickleWrapper,io.cucumber.testng.FeatureWrapper)[pri:0, instance:CucumberOptions.TestNGTestRunner@5965d37]" name="runScenario" class="io.cucumber.testng.AbstractTestNGCucumberTests"/>
      </group> <!-- cucumber -->
    </groups>
    <test started-at="2024-11-24T02:04:58 IST" name="Default test" finished-at="2024-11-24T02:05:38 IST" duration-ms="39917">
      <class name="CucumberOptions.TestNGTestRunner">
        <test-method is-config="true" signature="setUpClass(org.testng.ITestContext)[pri:0, instance:CucumberOptions.TestNGTestRunner@5965d37]" started-at="2024-11-24T02:04:58 IST" name="setUpClass" finished-at="2024-11-24T02:04:58 IST" duration-ms="586" status="PASS">
          <params>
            <param index="0">
              <value>
                <![CDATA[org.testng.TestRunner@9b2dc56]]>
              </value>
            </param>
          </params>
          <reporter-output>
          </reporter-output>
        </test-method> <!-- setUpClass -->
        <test-method signature="runScenario(io.cucumber.testng.PickleWrapper,io.cucumber.testng.FeatureWrapper)[pri:0, instance:CucumberOptions.TestNGTestRunner@5965d37]" started-at="2024-11-24T02:04:58 IST" name="runScenario" description="Runs Cucumber Scenarios" data-provider="scenarios" finished-at="2024-11-24T02:05:20 IST" duration-ms="21837" status="PASS">
          <params>
            <param index="0">
              <value>
                <![CDATA["Place order from cart using csv"]]>
              </value>
            </param>
            <param index="1">
              <value>
                <![CDATA["Search and place order from CSV"]]>
              </value>
            </param>
          </params>
          <reporter-output>
          </reporter-output>
        </test-method> <!-- runScenario -->
        <test-method signature="runScenario(io.cucumber.testng.PickleWrapper,io.cucumber.testng.FeatureWrapper)[pri:0, instance:CucumberOptions.TestNGTestRunner@5965d37]" started-at="2024-11-24T02:05:20 IST" name="runScenario" description="Runs Cucumber Scenarios" data-provider="scenarios" finished-at="2024-11-24T02:05:37 IST" duration-ms="16956" status="PASS">
          <params>
            <param index="0">
              <value>
                <![CDATA["Place order from cart using csv"]]>
              </value>
            </param>
            <param index="1">
              <value>
                <![CDATA["Search and place order from CSV"]]>
              </value>
            </param>
          </params>
          <reporter-output>
          </reporter-output>
        </test-method> <!-- runScenario -->
        <test-method is-config="true" signature="tearDownClass()[pri:0, instance:CucumberOptions.TestNGTestRunner@5965d37]" started-at="2024-11-24T02:05:37 IST" name="tearDownClass" finished-at="2024-11-24T02:05:38 IST" duration-ms="475" status="PASS">
          <reporter-output>
          </reporter-output>
        </test-method> <!-- tearDownClass -->
      </class> <!-- CucumberOptions.TestNGTestRunner -->
    </test> <!-- Default test -->
  </suite> <!-- Default suite -->
</testng-results>
